
{"timestamp":"00:1:52 24-06-2023","type":"OK","IP":"::1","description":"Initial connection to the database was successful.","source":"DB_CONNECTOR"}
{"timestamp":"00:1:52 24-06-2023","type":"OK","IP":"::1","description":"Database stock_scrapper_db was selected.","source":"DB_CONNECTOR"}
{"timestamp":"00:1:52 24-06-2023","type":"INFO","IP":"::1","description":"User requested data for a stock code that wasn't found in the external database. Code in the request: GOOG.us!","source":"Main"}
{"timestamp":"00:1:52 24-06-2023","type":"OK","IP":"::1","description":"Connection to the database was successful.","source":"DB_CONNECTOR"}
{"timestamp":"00:1:00 24-06-2023","type":"OK","IP":"::1","description":"Initial connection to the database was successful.","source":"DB_CONNECTOR"}
{"timestamp":"00:1:00 24-06-2023","type":"OK","IP":"::1","description":"Database stock_scrapper_db was selected.","source":"DB_CONNECTOR"}
{"timestamp":"00:1:00 24-06-2023","type":"OK","IP":"::1","description":"User requested data for GOOG.US and the request was finalized with success.","source":"Main"}
{"timestamp":"00:1:00 24-06-2023","type":"OK","IP":"::1","description":"Connection to the database was successful.","source":"DB_CONNECTOR"}
{"timestamp":"00:1:17 24-06-2023","type":"OK","IP":"::1","description":"Initial connection to the database was successful.","source":"DB_CONNECTOR"}
{"timestamp":"00:1:17 24-06-2023","type":"OK","IP":"::1","description":"Database stock_scrapper_db was selected.","source":"DB_CONNECTOR"}
{"timestamp":"00:1:17 24-06-2023","type":"OK","IP":"::1","description":"User requested data for KGHM and the request was finalized with success.","source":"Main"}
{"timestamp":"00:1:17 24-06-2023","type":"OK","IP":"::1","description":"Connection to the database was successful.","source":"DB_CONNECTOR"}
{"timestamp":"00:1:25 24-06-2023","type":"OK","IP":"::1","description":"Initial connection to the database was successful.","source":"DB_CONNECTOR"}
{"timestamp":"00:1:25 24-06-2023","type":"OK","IP":"::1","description":"Database stock_scrapper_db was selected.","source":"DB_CONNECTOR"}
{"timestamp":"00:1:25 24-06-2023","type":"OK","IP":"::1","description":"User requested data for GOOG.US and the request was finalized with success.","source":"Main"}
{"timestamp":"00:1:25 24-06-2023","type":"OK","IP":"::1","description":"Connection to the database was successful.","source":"DB_CONNECTOR"}
{"timestamp":"00:1:46 24-06-2023","type":"OK","IP":"::1","description":"Initial connection to the database was successful.","source":"DB_CONNECTOR"}
{"timestamp":"00:1:46 24-06-2023","type":"OK","IP":"::1","description":"Database stock_scrapper_db was selected.","source":"DB_CONNECTOR"}
{"timestamp":"00:1:47 24-06-2023","type":"OK","IP":"::1","description":"User requested data for GOOG.US and the request was finalized with success.","source":"Main"}
{"timestamp":"00:1:47 24-06-2023","type":"OK","IP":"::1","description":"Connection to the database was successful.","source":"DB_CONNECTOR"}
{"timestamp":"00:1:52 24-06-2023","type":"OK","IP":"::1","description":"Initial connection to the database was successful.","source":"DB_CONNECTOR"}
{"timestamp":"00:1:52 24-06-2023","type":"OK","IP":"::1","description":"Database stock_scrapper_db was selected.","source":"DB_CONNECTOR"}
{"timestamp":"00:1:52 24-06-2023","type":"OK","IP":"::1","description":"User requested data for GOOG.US and the request was finalized with success.","source":"Main"}
{"timestamp":"00:1:52 24-06-2023","type":"OK","IP":"::1","description":"Connection to the database was successful.","source":"DB_CONNECTOR"}
{"timestamp":"00:1:59 24-06-2023","type":"OK","IP":"::1","description":"Initial connection to the database was successful.","source":"DB_CONNECTOR"}
{"timestamp":"00:1:59 24-06-2023","type":"OK","IP":"::1","description":"Database stock_scrapper_db was selected.","source":"DB_CONNECTOR"}
{"timestamp":"00:1:59 24-06-2023","type":"OK","IP":"::1","description":"User requested data for GOOG.US and the request was finalized with success.","source":"Main"}
{"timestamp":"00:1:59 24-06-2023","type":"OK","IP":"::1","description":"Connection to the database was successful.","source":"DB_CONNECTOR"}
{"timestamp":"00:1:15 24-06-2023","type":"OK","IP":"::1","description":"Initial connection to the database was successful.","source":"DB_CONNECTOR"}
{"timestamp":"00:1:15 24-06-2023","type":"OK","IP":"::1","description":"Database stock_scrapper_db was selected.","source":"DB_CONNECTOR"}
{"timestamp":"00:1:16 24-06-2023","type":"OK","IP":"::1","description":"User requested data for GOOG.US and the request was finalized with success.","source":"Main"}
{"timestamp":"00:1:16 24-06-2023","type":"OK","IP":"::1","description":"Connection to the database was successful.","source":"DB_CONNECTOR"}
{"timestamp":"00:1:20 24-06-2023","type":"OK","IP":"::1","description":"Initial connection to the database was successful.","source":"DB_CONNECTOR"}
{"timestamp":"00:1:20 24-06-2023","type":"OK","IP":"::1","description":"Database stock_scrapper_db was selected.","source":"DB_CONNECTOR"}
{"timestamp":"00:1:20 24-06-2023","type":"OK","IP":"::1","description":"User requested data for AAPL.US and the request was finalized with success.","source":"Main"}
{"timestamp":"00:1:20 24-06-2023","type":"OK","IP":"::1","description":"Connection to the database was successful.","source":"DB_CONNECTOR"}
{"timestamp":"00:1:26 24-06-2023","type":"OK","IP":"::1","description":"Initial connection to the database was successful.","source":"DB_CONNECTOR"}
{"timestamp":"00:1:26 24-06-2023","type":"OK","IP":"::1","description":"Database stock_scrapper_db was selected.","source":"DB_CONNECTOR"}
{"timestamp":"00:1:26 24-06-2023","type":"OK","IP":"::1","description":"User requested data for CD-PROJEKT and the request was finalized with success.","source":"Main"}
{"timestamp":"00:1:26 24-06-2023","type":"OK","IP":"::1","description":"Connection to the database was successful.","source":"DB_CONNECTOR"}
{"timestamp":"00:1:02 24-06-2023","type":"OK","IP":"::1","description":"Initial connection to the database was successful.","source":"DB_CONNECTOR"}
{"timestamp":"00:1:02 24-06-2023","type":"OK","IP":"::1","description":"Database stock_scrapper_db was selected.","source":"DB_CONNECTOR"}
{"timestamp":"00:1:03 24-06-2023","type":"OK","IP":"::1","description":"User requested data for CD-PROJEKT and the request was finalized with success.","source":"Main"}
{"timestamp":"00:1:03 24-06-2023","type":"OK","IP":"::1","description":"Connection to the database was successful.","source":"DB_CONNECTOR"}
{"timestamp":"00:1:15 24-06-2023","type":"OK","IP":"::1","description":"Initial connection to the database was successful.","source":"DB_CONNECTOR"}
{"timestamp":"00:1:15 24-06-2023","type":"OK","IP":"::1","description":"Database stock_scrapper_db was selected.","source":"DB_CONNECTOR"}
{"timestamp":"00:1:15 24-06-2023","type":"OK","IP":"::1","description":"User requested data for KGHM and the request was finalized with success.","source":"Main"}
{"timestamp":"00:1:15 24-06-2023","type":"OK","IP":"::1","description":"Connection to the database was successful.","source":"DB_CONNECTOR"}
{"timestamp":"00:1:01 24-06-2023","type":"OK","IP":"::1","description":"Initial connection to the database was successful.","source":"DB_CONNECTOR"}
{"timestamp":"00:1:01 24-06-2023","type":"OK","IP":"::1","description":"Database stock_scrapper_db was selected.","source":"DB_CONNECTOR"}
{"timestamp":"00:1:01 24-06-2023","type":"OK","IP":"::1","description":"User requested data for KGHM and the request was finalized with success.","source":"Main"}
{"timestamp":"00:1:01 24-06-2023","type":"OK","IP":"::1","description":"Connection to the database was successful.","source":"DB_CONNECTOR"}
{"timestamp":"00:1:13 24-06-2023","type":"OK","IP":"::1","description":"Initial connection to the database was successful.","source":"DB_CONNECTOR"}
{"timestamp":"00:1:13 24-06-2023","type":"OK","IP":"::1","description":"Database stock_scrapper_db was selected.","source":"DB_CONNECTOR"}
{"timestamp":"00:1:14 24-06-2023","type":"OK","IP":"::1","description":"User requested data for KGHM and the request was finalized with success.","source":"Main"}
{"timestamp":"00:1:14 24-06-2023","type":"OK","IP":"::1","description":"Connection to the database was successful.","source":"DB_CONNECTOR"}
{"timestamp":"00:1:21 24-06-2023","type":"OK","IP":"::1","description":"Initial connection to the database was successful.","source":"DB_CONNECTOR"}
{"timestamp":"00:1:21 24-06-2023","type":"OK","IP":"::1","description":"Database stock_scrapper_db was selected.","source":"DB_CONNECTOR"}
{"timestamp":"00:1:21 24-06-2023","type":"OK","IP":"::1","description":"User requested data for KGHM and the request was finalized with success.","source":"Main"}
{"timestamp":"00:1:21 24-06-2023","type":"OK","IP":"::1","description":"Connection to the database was successful.","source":"DB_CONNECTOR"}
{"timestamp":"00:1:31 24-06-2023","type":"OK","IP":"::1","description":"Initial connection to the database was successful.","source":"DB_CONNECTOR"}
{"timestamp":"00:1:31 24-06-2023","type":"OK","IP":"::1","description":"Database stock_scrapper_db was selected.","source":"DB_CONNECTOR"}
{"timestamp":"00:1:31 24-06-2023","type":"OK","IP":"::1","description":"User requested data for KGHM and the request was finalized with success.","source":"Main"}
{"timestamp":"00:1:31 24-06-2023","type":"OK","IP":"::1","description":"Connection to the database was successful.","source":"DB_CONNECTOR"}
{"timestamp":"00:1:34 24-06-2023","type":"OK","IP":"::1","description":"Initial connection to the database was successful.","source":"DB_CONNECTOR"}
{"timestamp":"00:1:34 24-06-2023","type":"OK","IP":"::1","description":"Database stock_scrapper_db was selected.","source":"DB_CONNECTOR"}
{"timestamp":"00:1:34 24-06-2023","type":"OK","IP":"::1","description":"User requested data for KGHM and the request was finalized with success.","source":"Main"}
{"timestamp":"00:1:34 24-06-2023","type":"OK","IP":"::1","description":"Connection to the database was successful.","source":"DB_CONNECTOR"}
{"timestamp":"00:1:27 24-06-2023","type":"OK","IP":"::1","description":"Initial connection to the database was successful.","source":"DB_CONNECTOR"}
{"timestamp":"00:1:27 24-06-2023","type":"OK","IP":"::1","description":"Database stock_scrapper_db was selected.","source":"DB_CONNECTOR"}
{"timestamp":"00:1:28 24-06-2023","type":"OK","IP":"::1","description":"User requested data for KGHM and the request was finalized with success.","source":"Main"}
{"timestamp":"00:1:28 24-06-2023","type":"OK","IP":"::1","description":"Connection to the database was successful.","source":"DB_CONNECTOR"}
{"timestamp":"00:1:41 24-06-2023","type":"OK","IP":"::1","description":"Initial connection to the database was successful.","source":"DB_CONNECTOR"}
{"timestamp":"00:1:41 24-06-2023","type":"OK","IP":"::1","description":"Database stock_scrapper_db was selected.","source":"DB_CONNECTOR"}
{"timestamp":"00:1:41 24-06-2023","type":"OK","IP":"::1","description":"User requested data for GOOG.US and the request was finalized with success.","source":"Main"}
{"timestamp":"00:1:41 24-06-2023","type":"OK","IP":"::1","description":"Connection to the database was successful.","source":"DB_CONNECTOR"}
{"timestamp":"00:1:01 24-06-2023","type":"OK","IP":"::1","description":"Initial connection to the database was successful.","source":"DB_CONNECTOR"}
{"timestamp":"00:1:01 24-06-2023","type":"OK","IP":"::1","description":"Database stock_scrapper_db was selected.","source":"DB_CONNECTOR"}
{"timestamp":"00:1:01 24-06-2023","type":"OK","IP":"::1","description":"User requested data for GOOG.US and the request was finalized with success.","source":"Main"}
{"timestamp":"00:1:01 24-06-2023","type":"OK","IP":"::1","description":"Connection to the database was successful.","source":"DB_CONNECTOR"}
{"timestamp":"00:1:41 24-06-2023","type":"OK","IP":"::1","description":"Initial connection to the database was successful.","source":"DB_CONNECTOR"}
{"timestamp":"00:1:41 24-06-2023","type":"OK","IP":"::1","description":"Database stock_scrapper_db was selected.","source":"DB_CONNECTOR"}
{"timestamp":"00:1:41 24-06-2023","type":"OK","IP":"::1","description":"User requested data for GOOG.US and the request was finalized with success.","source":"Main"}
{"timestamp":"00:1:41 24-06-2023","type":"OK","IP":"::1","description":"Connection to the database was successful.","source":"DB_CONNECTOR"}
{"timestamp":"00:1:49 24-06-2023","type":"OK","IP":"::1","description":"Initial connection to the database was successful.","source":"DB_CONNECTOR"}
{"timestamp":"00:1:49 24-06-2023","type":"OK","IP":"::1","description":"Database stock_scrapper_db was selected.","source":"DB_CONNECTOR"}
{"timestamp":"00:1:49 24-06-2023","type":"OK","IP":"::1","description":"User requested data for GOOG.US and the request was finalized with success.","source":"Main"}
{"timestamp":"00:1:49 24-06-2023","type":"OK","IP":"::1","description":"Connection to the database was successful.","source":"DB_CONNECTOR"}